{"C:\\Users\\airton.junior\\Documents\\GitHub\\TechChallenge-Pagamento\\src\\adapter\\driven\\infra\\PedidoRepository.ts": {"path":"C:\\Users\\airton.junior\\Documents\\GitHub\\TechChallenge-Pagamento\\src\\adapter\\driven\\infra\\PedidoRepository.ts","statementMap":{"0":{"start":{"line":5,"column":4},"end":{"line":16,"column":5}},"1":{"start":{"line":6,"column":18},"end":{"line":6,"column":79}},"2":{"start":{"line":7,"column":23},"end":{"line":7,"column":44}},"3":{"start":{"line":8,"column":6},"end":{"line":11,"column":7}},"4":{"start":{"line":9,"column":24},"end":{"line":9,"column":37}},"5":{"start":{"line":10,"column":8},"end":{"line":10,"column":32}},"6":{"start":{"line":12,"column":6},"end":{"line":12,"column":52}},"7":{"start":{"line":14,"column":6},"end":{"line":14,"column":34}},"8":{"start":{"line":15,"column":6},"end":{"line":15,"column":18}}},"fnMap":{"0":{"name":"(anonymous_0)","decl":{"start":{"line":4,"column":2},"end":{"line":4,"column":3}},"loc":{"start":{"line":4,"column":56},"end":{"line":17,"column":3}},"line":4}},"branchMap":{"0":{"loc":{"start":{"line":8,"column":6},"end":{"line":11,"column":7}},"type":"if","locations":[{"start":{"line":8,"column":6},"end":{"line":11,"column":7}},{"start":{},"end":{}}],"line":8}},"s":{"0":3,"1":3,"2":3,"3":2,"4":1,"5":1,"6":1,"7":1,"8":1},"f":{"0":3},"b":{"0":[1,1]},"_coverageSchema":"1a1c01bbd47fc00a2c39e90264f33305004495a9","hash":"dbeefa65f90f22c1a025f30abfcf4ab9e8a5bca8"}
,"C:\\Users\\airton.junior\\Documents\\GitHub\\TechChallenge-Pagamento\\src\\adapter\\driven\\infra\\ProdutoRepository.ts": {"path":"C:\\Users\\airton.junior\\Documents\\GitHub\\TechChallenge-Pagamento\\src\\adapter\\driven\\infra\\ProdutoRepository.ts","statementMap":{"0":{"start":{"line":7,"column":16},"end":{"line":7,"column":39}},"1":{"start":{"line":8,"column":21},"end":{"line":8,"column":42}},"2":{"start":{"line":9,"column":4},"end":{"line":9,"column":26}},"3":{"start":{"line":10,"column":4},"end":{"line":10,"column":20}},"4":{"start":{"line":14,"column":18},"end":{"line":14,"column":74}},"5":{"start":{"line":15,"column":22},"end":{"line":15,"column":43}},"6":{"start":{"line":16,"column":30},"end":{"line":16,"column":39}},"7":{"start":{"line":18,"column":4},"end":{"line":18,"column":20}},"8":{"start":{"line":22,"column":18},"end":{"line":22,"column":65}},"9":{"start":{"line":23,"column":21},"end":{"line":23,"column":42}},"10":{"start":{"line":25,"column":4},"end":{"line":27,"column":5}},"11":{"start":{"line":26,"column":6},"end":{"line":26,"column":23}},"12":{"start":{"line":29,"column":27},"end":{"line":29,"column":38}},"13":{"start":{"line":31,"column":4},"end":{"line":31,"column":19}},"14":{"start":{"line":35,"column":4},"end":{"line":50,"column":5}},"15":{"start":{"line":36,"column":20},"end":{"line":38,"column":135}},"16":{"start":{"line":39,"column":27},"end":{"line":39,"column":48}},"17":{"start":{"line":41,"column":6},"end":{"line":46,"column":7}},"18":{"start":{"line":42,"column":37},"end":{"line":42,"column":54}},"19":{"start":{"line":43,"column":8},"end":{"line":43,"column":29}},"20":{"start":{"line":45,"column":8},"end":{"line":45,"column":25}},"21":{"start":{"line":48,"column":6},"end":{"line":48,"column":42}},"22":{"start":{"line":49,"column":6},"end":{"line":49,"column":37}},"23":{"start":{"line":54,"column":18},"end":{"line":56,"column":42}},"24":{"start":{"line":57,"column":34},"end":{"line":57,"column":55}},"25":{"start":{"line":58,"column":33},"end":{"line":58,"column":59}},"26":{"start":{"line":60,"column":4},"end":{"line":60,"column":25}},"27":{"start":{"line":64,"column":18},"end":{"line":65,"column":32}},"28":{"start":{"line":66,"column":21},"end":{"line":66,"column":42}},"29":{"start":{"line":67,"column":4},"end":{"line":69,"column":5}},"30":{"start":{"line":68,"column":6},"end":{"line":68,"column":23}},"31":{"start":{"line":70,"column":27},"end":{"line":70,"column":38}},"32":{"start":{"line":71,"column":4},"end":{"line":71,"column":19}}},"fnMap":{"0":{"name":"(anonymous_0)","decl":{"start":{"line":6,"column":2},"end":{"line":6,"column":3}},"loc":{"start":{"line":6,"column":42},"end":{"line":11,"column":3}},"line":6},"1":{"name":"(anonymous_1)","decl":{"start":{"line":13,"column":2},"end":{"line":13,"column":3}},"loc":{"start":{"line":13,"column":66},"end":{"line":19,"column":3}},"line":13},"2":{"name":"(anonymous_2)","decl":{"start":{"line":21,"column":2},"end":{"line":21,"column":3}},"loc":{"start":{"line":21,"column":62},"end":{"line":32,"column":3}},"line":21},"3":{"name":"(anonymous_3)","decl":{"start":{"line":34,"column":2},"end":{"line":34,"column":3}},"loc":{"start":{"line":34,"column":63},"end":{"line":51,"column":3}},"line":34},"4":{"name":"(anonymous_4)","decl":{"start":{"line":53,"column":2},"end":{"line":53,"column":3}},"loc":{"start":{"line":53,"column":52},"end":{"line":61,"column":3}},"line":53},"5":{"name":"(anonymous_5)","decl":{"start":{"line":63,"column":2},"end":{"line":63,"column":3}},"loc":{"start":{"line":63,"column":57},"end":{"line":72,"column":3}},"line":63}},"branchMap":{"0":{"loc":{"start":{"line":25,"column":4},"end":{"line":27,"column":5}},"type":"if","locations":[{"start":{"line":25,"column":4},"end":{"line":27,"column":5}},{"start":{},"end":{}}],"line":25},"1":{"loc":{"start":{"line":41,"column":6},"end":{"line":46,"column":7}},"type":"if","locations":[{"start":{"line":41,"column":6},"end":{"line":46,"column":7}},{"start":{"line":44,"column":13},"end":{"line":46,"column":7}}],"line":41},"2":{"loc":{"start":{"line":67,"column":4},"end":{"line":69,"column":5}},"type":"if","locations":[{"start":{"line":67,"column":4},"end":{"line":69,"column":5}},{"start":{},"end":{}}],"line":67}},"s":{"0":2,"1":2,"2":1,"3":1,"4":2,"5":2,"6":1,"7":1,"8":3,"9":3,"10":2,"11":1,"12":1,"13":1,"14":3,"15":3,"16":3,"17":2,"18":1,"19":1,"20":1,"21":1,"22":1,"23":2,"24":2,"25":1,"26":1,"27":3,"28":3,"29":2,"30":1,"31":1,"32":1},"f":{"0":2,"1":2,"2":3,"3":3,"4":2,"5":3},"b":{"0":[1,1],"1":[1,1],"2":[1,1]},"_coverageSchema":"1a1c01bbd47fc00a2c39e90264f33305004495a9","hash":"6b0fee5439225760c5369b1615d13a4d959331ea"}
,"C:\\Users\\airton.junior\\Documents\\GitHub\\TechChallenge-Pagamento\\src\\adapter\\driven\\infra\\UsuarioRepository.ts": {"path":"C:\\Users\\airton.junior\\Documents\\GitHub\\TechChallenge-Pagamento\\src\\adapter\\driven\\infra\\UsuarioRepository.ts","statementMap":{"0":{"start":{"line":5,"column":10},"end":{"line":5,"column":33}},"1":{"start":{"line":9,"column":16},"end":{"line":9,"column":71}},"2":{"start":{"line":10,"column":24},"end":{"line":10,"column":45}},"3":{"start":{"line":11,"column":4},"end":{"line":15,"column":5}},"4":{"start":{"line":12,"column":6},"end":{"line":12,"column":18}},"5":{"start":{"line":14,"column":6},"end":{"line":14,"column":19}},"6":{"start":{"line":19,"column":4},"end":{"line":50,"column":5}},"7":{"start":{"line":20,"column":18},"end":{"line":20,"column":81}},"8":{"start":{"line":21,"column":26},"end":{"line":21,"column":47}},"9":{"start":{"line":22,"column":6},"end":{"line":47,"column":7}},"10":{"start":{"line":23,"column":27},"end":{"line":23,"column":43}},"11":{"start":{"line":24,"column":8},"end":{"line":24,"column":61}},"12":{"start":{"line":25,"column":8},"end":{"line":25,"column":68}},"13":{"start":{"line":26,"column":8},"end":{"line":45,"column":9}},"14":{"start":{"line":27,"column":28},"end":{"line":27,"column":47}},"15":{"start":{"line":28,"column":10},"end":{"line":44,"column":11}},"16":{"start":{"line":29,"column":24},"end":{"line":40,"column":13}},"17":{"start":{"line":41,"column":28},"end":{"line":41,"column":105}},"18":{"start":{"line":42,"column":12},"end":{"line":42,"column":38}},"19":{"start":{"line":43,"column":12},"end":{"line":43,"column":25}},"20":{"start":{"line":46,"column":8},"end":{"line":46,"column":25}},"21":{"start":{"line":49,"column":6},"end":{"line":49,"column":16}},"22":{"start":{"line":54,"column":4},"end":{"line":78,"column":5}},"23":{"start":{"line":55,"column":18},"end":{"line":55,"column":77}},"24":{"start":{"line":56,"column":26},"end":{"line":56,"column":47}},"25":{"start":{"line":57,"column":6},"end":{"line":75,"column":7}},"26":{"start":{"line":58,"column":27},"end":{"line":58,"column":43}},"27":{"start":{"line":59,"column":20},"end":{"line":71,"column":9}},"28":{"start":{"line":72,"column":24},"end":{"line":72,"column":101}},"29":{"start":{"line":73,"column":8},"end":{"line":73,"column":34}},"30":{"start":{"line":74,"column":8},"end":{"line":74,"column":21}},"31":{"start":{"line":77,"column":6},"end":{"line":77,"column":18}}},"fnMap":{"0":{"name":"(anonymous_0)","decl":{"start":{"line":8,"column":2},"end":{"line":8,"column":3}},"loc":{"start":{"line":8,"column":66},"end":{"line":16,"column":3}},"line":8},"1":{"name":"(anonymous_1)","decl":{"start":{"line":18,"column":2},"end":{"line":18,"column":3}},"loc":{"start":{"line":18,"column":78},"end":{"line":51,"column":3}},"line":18},"2":{"name":"(anonymous_2)","decl":{"start":{"line":53,"column":2},"end":{"line":53,"column":3}},"loc":{"start":{"line":53,"column":72},"end":{"line":79,"column":3}},"line":53}},"branchMap":{"0":{"loc":{"start":{"line":11,"column":4},"end":{"line":15,"column":5}},"type":"if","locations":[{"start":{"line":11,"column":4},"end":{"line":15,"column":5}},{"start":{"line":13,"column":11},"end":{"line":15,"column":5}}],"line":11},"1":{"loc":{"start":{"line":22,"column":6},"end":{"line":47,"column":7}},"type":"if","locations":[{"start":{"line":22,"column":6},"end":{"line":47,"column":7}},{"start":{},"end":{}}],"line":22},"2":{"loc":{"start":{"line":26,"column":8},"end":{"line":45,"column":9}},"type":"if","locations":[{"start":{"line":26,"column":8},"end":{"line":45,"column":9}},{"start":{},"end":{}}],"line":26},"3":{"loc":{"start":{"line":26,"column":12},"end":{"line":26,"column":73}},"type":"binary-expr","locations":[{"start":{"line":26,"column":12},"end":{"line":26,"column":38}},{"start":{"line":26,"column":42},"end":{"line":26,"column":73}}],"line":26},"4":{"loc":{"start":{"line":28,"column":10},"end":{"line":44,"column":11}},"type":"if","locations":[{"start":{"line":28,"column":10},"end":{"line":44,"column":11}},{"start":{},"end":{}}],"line":28},"5":{"loc":{"start":{"line":57,"column":6},"end":{"line":75,"column":7}},"type":"if","locations":[{"start":{"line":57,"column":6},"end":{"line":75,"column":7}},{"start":{},"end":{}}],"line":57}},"s":{"0":2,"1":2,"2":2,"3":2,"4":1,"5":1,"6":4,"7":4,"8":4,"9":3,"10":2,"11":2,"12":2,"13":2,"14":1,"15":1,"16":1,"17":1,"18":1,"19":1,"20":1,"21":1,"22":3,"23":3,"24":3,"25":2,"26":1,"27":1,"28":1,"29":1,"30":1,"31":1},"f":{"0":2,"1":4,"2":3},"b":{"0":[1,1],"1":[2,1],"2":[1,1],"3":[2,2],"4":[1,0],"5":[1,1]},"_coverageSchema":"1a1c01bbd47fc00a2c39e90264f33305004495a9","hash":"02615fbf6102e00e197c8e05b132d57304a39f92"}
,"C:\\Users\\airton.junior\\Documents\\GitHub\\TechChallenge-Pagamento\\src\\adapter\\driver\\UsuarioController.ts": {"path":"C:\\Users\\airton.junior\\Documents\\GitHub\\TechChallenge-Pagamento\\src\\adapter\\driver\\UsuarioController.ts","statementMap":{"0":{"start":{"line":10,"column":4},"end":{"line":15,"column":5}},"1":{"start":{"line":11,"column":20},"end":{"line":11,"column":57}},"2":{"start":{"line":12,"column":6},"end":{"line":12,"column":69}},"3":{"start":{"line":14,"column":6},"end":{"line":14,"column":63}},"4":{"start":{"line":18,"column":4},"end":{"line":23,"column":5}},"5":{"start":{"line":19,"column":20},"end":{"line":19,"column":48}},"6":{"start":{"line":20,"column":6},"end":{"line":20,"column":63}},"7":{"start":{"line":22,"column":6},"end":{"line":22,"column":57}}},"fnMap":{"0":{"name":"(anonymous_0)","decl":{"start":{"line":5,"column":2},"end":{"line":5,"column":3}},"loc":{"start":{"line":8,"column":4},"end":{"line":8,"column":6}},"line":8},"1":{"name":"(anonymous_1)","decl":{"start":{"line":9,"column":2},"end":{"line":9,"column":3}},"loc":{"start":{"line":9,"column":70},"end":{"line":16,"column":3}},"line":9},"2":{"name":"(anonymous_2)","decl":{"start":{"line":17,"column":2},"end":{"line":17,"column":3}},"loc":{"start":{"line":17,"column":48},"end":{"line":24,"column":3}},"line":17}},"branchMap":{},"s":{"0":2,"1":2,"2":2,"3":1,"4":2,"5":2,"6":2,"7":1},"f":{"0":4,"1":2,"2":2},"b":{},"_coverageSchema":"1a1c01bbd47fc00a2c39e90264f33305004495a9","hash":"917dfd73cd8a2f9d626914dfca307a46700a6e2a"}
,"C:\\Users\\airton.junior\\Documents\\GitHub\\TechChallenge-Pagamento\\src\\adapter\\middleware\\autenticacao.middleware.ts": {"path":"C:\\Users\\airton.junior\\Documents\\GitHub\\TechChallenge-Pagamento\\src\\adapter\\middleware\\autenticacao.middleware.ts","statementMap":{"0":{"start":{"line":5,"column":2},"end":{"line":21,"column":4}},"1":{"start":{"line":6,"column":18},"end":{"line":6,"column":43}},"2":{"start":{"line":8,"column":4},"end":{"line":12,"column":5}},"3":{"start":{"line":9,"column":6},"end":{"line":11,"column":65}},"4":{"start":{"line":14,"column":28},"end":{"line":14,"column":68}},"5":{"start":{"line":16,"column":4},"end":{"line":20,"column":5}},"6":{"start":{"line":17,"column":6},"end":{"line":17,"column":64}},"7":{"start":{"line":19,"column":6},"end":{"line":19,"column":13}}},"fnMap":{"0":{"name":"autenticacaoMiddleware","decl":{"start":{"line":4,"column":16},"end":{"line":4,"column":38}},"loc":{"start":{"line":4,"column":71},"end":{"line":22,"column":1}},"line":4},"1":{"name":"(anonymous_1)","decl":{"start":{"line":5,"column":9},"end":{"line":5,"column":10}},"loc":{"start":{"line":5,"column":74},"end":{"line":21,"column":3}},"line":5}},"branchMap":{"0":{"loc":{"start":{"line":8,"column":4},"end":{"line":12,"column":5}},"type":"if","locations":[{"start":{"line":8,"column":4},"end":{"line":12,"column":5}},{"start":{},"end":{}}],"line":8},"1":{"loc":{"start":{"line":16,"column":4},"end":{"line":20,"column":5}},"type":"if","locations":[{"start":{"line":16,"column":4},"end":{"line":20,"column":5}},{"start":{"line":18,"column":11},"end":{"line":20,"column":5}}],"line":16}},"s":{"0":3,"1":3,"2":3,"3":1,"4":2,"5":2,"6":1,"7":1},"f":{"0":3,"1":3},"b":{"0":[1,2],"1":[1,1]},"_coverageSchema":"1a1c01bbd47fc00a2c39e90264f33305004495a9","hash":"6b080e9c61f0eca09aca68fc05a55d76a9d23725"}
,"C:\\Users\\airton.junior\\Documents\\GitHub\\TechChallenge-Pagamento\\src\\config\\database.ts": {"path":"C:\\Users\\airton.junior\\Documents\\GitHub\\TechChallenge-Pagamento\\src\\config\\database.ts","statementMap":{"0":{"start":{"line":3,"column":15},"end":{"line":9,"column":2}},"1":{"start":{"line":11,"column":24},"end":{"line":16,"column":1}},"2":{"start":{"line":12,"column":2},"end":{"line":12,"column":25}},"3":{"start":{"line":13,"column":14},"end":{"line":13,"column":39}},"4":{"start":{"line":14,"column":15},"end":{"line":14,"column":18}},"5":{"start":{"line":15,"column":2},"end":{"line":15,"column":21}}},"fnMap":{"0":{"name":"(anonymous_0)","decl":{"start":{"line":11,"column":24},"end":{"line":11,"column":25}},"loc":{"start":{"line":11,"column":49},"end":{"line":16,"column":1}},"line":11}},"branchMap":{},"s":{"0":4,"1":4,"2":2,"3":2,"4":1,"5":1},"f":{"0":2},"b":{},"_coverageSchema":"1a1c01bbd47fc00a2c39e90264f33305004495a9","hash":"561e96eb1107cbdc055d30480b7b00a84753995a"}
,"C:\\Users\\airton.junior\\Documents\\GitHub\\TechChallenge-Pagamento\\src\\core\\domain\\models\\Produto.ts": {"path":"C:\\Users\\airton.junior\\Documents\\GitHub\\TechChallenge-Pagamento\\src\\core\\domain\\models\\Produto.ts","statementMap":{"0":{"start":{"line":21,"column":4},"end":{"line":21,"column":21}},"1":{"start":{"line":22,"column":4},"end":{"line":22,"column":31}},"2":{"start":{"line":23,"column":4},"end":{"line":23,"column":23}},"3":{"start":{"line":24,"column":4},"end":{"line":24,"column":31}},"4":{"start":{"line":25,"column":4},"end":{"line":25,"column":25}},"5":{"start":{"line":26,"column":4},"end":{"line":26,"column":17}},"6":{"start":{"line":27,"column":4},"end":{"line":27,"column":33}},"7":{"start":{"line":28,"column":4},"end":{"line":28,"column":37}}},"fnMap":{"0":{"name":"(anonymous_0)","decl":{"start":{"line":11,"column":2},"end":{"line":11,"column":3}},"loc":{"start":{"line":20,"column":4},"end":{"line":29,"column":3}},"line":20}},"branchMap":{},"s":{"0":11,"1":11,"2":11,"3":11,"4":11,"5":11,"6":11,"7":11},"f":{"0":11},"b":{},"_coverageSchema":"1a1c01bbd47fc00a2c39e90264f33305004495a9","hash":"7d12916789df15216592c35c38cee9ead90ac13c"}
,"C:\\Users\\airton.junior\\Documents\\GitHub\\TechChallenge-Pagamento\\src\\core\\domain\\models\\Usuario.ts": {"path":"C:\\Users\\airton.junior\\Documents\\GitHub\\TechChallenge-Pagamento\\src\\core\\domain\\models\\Usuario.ts","statementMap":{"0":{"start":{"line":19,"column":4},"end":{"line":19,"column":21}},"1":{"start":{"line":20,"column":4},"end":{"line":20,"column":23}},"2":{"start":{"line":21,"column":4},"end":{"line":21,"column":19}},"3":{"start":{"line":22,"column":4},"end":{"line":22,"column":21}},"4":{"start":{"line":23,"column":4},"end":{"line":23,"column":23}},"5":{"start":{"line":24,"column":4},"end":{"line":24,"column":23}},"6":{"start":{"line":25,"column":4},"end":{"line":25,"column":17}}},"fnMap":{"0":{"name":"(anonymous_0)","decl":{"start":{"line":10,"column":2},"end":{"line":10,"column":3}},"loc":{"start":{"line":18,"column":4},"end":{"line":26,"column":3}},"line":18}},"branchMap":{},"s":{"0":14,"1":14,"2":14,"3":14,"4":14,"5":14,"6":14},"f":{"0":14},"b":{},"_coverageSchema":"1a1c01bbd47fc00a2c39e90264f33305004495a9","hash":"f998d9a16ccf980ab87c38b2a0838c7d9359cc10"}
,"C:\\Users\\airton.junior\\Documents\\GitHub\\TechChallenge-Pagamento\\src\\core\\domain\\useCases\\Produto\\ProdutoUseCase.ts": {"path":"C:\\Users\\airton.junior\\Documents\\GitHub\\TechChallenge-Pagamento\\src\\core\\domain\\useCases\\Produto\\ProdutoUseCase.ts","statementMap":{"0":{"start":{"line":6,"column":4},"end":{"line":14,"column":5}},"1":{"start":{"line":7,"column":28},"end":{"line":7,"column":72}},"2":{"start":{"line":8,"column":6},"end":{"line":8,"column":42}},"3":{"start":{"line":10,"column":24},"end":{"line":10,"column":49}},"4":{"start":{"line":11,"column":6},"end":{"line":13,"column":7}},"5":{"start":{"line":12,"column":8},"end":{"line":12,"column":41}},"6":{"start":{"line":18,"column":4},"end":{"line":27,"column":5}},"7":{"start":{"line":19,"column":23},"end":{"line":19,"column":65}},"8":{"start":{"line":20,"column":6},"end":{"line":24,"column":7}},"9":{"start":{"line":21,"column":8},"end":{"line":21,"column":63}},"10":{"start":{"line":23,"column":8},"end":{"line":23,"column":39}},"11":{"start":{"line":26,"column":6},"end":{"line":26,"column":29}},"12":{"start":{"line":31,"column":4},"end":{"line":40,"column":5}},"13":{"start":{"line":32,"column":22},"end":{"line":32,"column":66}},"14":{"start":{"line":33,"column":6},"end":{"line":37,"column":7}},"15":{"start":{"line":34,"column":8},"end":{"line":34,"column":20}},"16":{"start":{"line":36,"column":8},"end":{"line":36,"column":23}},"17":{"start":{"line":39,"column":6},"end":{"line":39,"column":63}},"18":{"start":{"line":44,"column":4},"end":{"line":55,"column":5}},"19":{"start":{"line":45,"column":23},"end":{"line":47,"column":7}},"20":{"start":{"line":48,"column":6},"end":{"line":52,"column":7}},"21":{"start":{"line":49,"column":8},"end":{"line":49,"column":18}},"22":{"start":{"line":51,"column":8},"end":{"line":51,"column":24}},"23":{"start":{"line":54,"column":6},"end":{"line":54,"column":29}},"24":{"start":{"line":59,"column":4},"end":{"line":68,"column":5}},"25":{"start":{"line":60,"column":30},"end":{"line":60,"column":75}},"26":{"start":{"line":61,"column":6},"end":{"line":65,"column":7}},"27":{"start":{"line":62,"column":8},"end":{"line":62,"column":20}},"28":{"start":{"line":64,"column":8},"end":{"line":64,"column":31}},"29":{"start":{"line":67,"column":6},"end":{"line":67,"column":37}},"30":{"start":{"line":72,"column":4},"end":{"line":77,"column":5}},"31":{"start":{"line":73,"column":6},"end":{"line":73,"column":46}},"32":{"start":{"line":74,"column":6},"end":{"line":74,"column":32}},"33":{"start":{"line":76,"column":6},"end":{"line":76,"column":37}}},"fnMap":{"0":{"name":"(anonymous_0)","decl":{"start":{"line":4,"column":2},"end":{"line":4,"column":3}},"loc":{"start":{"line":4,"column":60},"end":{"line":4,"column":62}},"line":4},"1":{"name":"(anonymous_1)","decl":{"start":{"line":5,"column":2},"end":{"line":5,"column":3}},"loc":{"start":{"line":5,"column":49},"end":{"line":15,"column":3}},"line":5},"2":{"name":"(anonymous_2)","decl":{"start":{"line":17,"column":2},"end":{"line":17,"column":3}},"loc":{"start":{"line":17,"column":33},"end":{"line":28,"column":3}},"line":17},"3":{"name":"(anonymous_3)","decl":{"start":{"line":30,"column":2},"end":{"line":30,"column":3}},"loc":{"start":{"line":30,"column":74},"end":{"line":41,"column":3}},"line":30},"4":{"name":"(anonymous_4)","decl":{"start":{"line":43,"column":2},"end":{"line":43,"column":3}},"loc":{"start":{"line":43,"column":63},"end":{"line":56,"column":3}},"line":43},"5":{"name":"(anonymous_5)","decl":{"start":{"line":58,"column":2},"end":{"line":58,"column":3}},"loc":{"start":{"line":58,"column":47},"end":{"line":69,"column":3}},"line":58},"6":{"name":"(anonymous_6)","decl":{"start":{"line":71,"column":2},"end":{"line":71,"column":3}},"loc":{"start":{"line":71,"column":68},"end":{"line":78,"column":3}},"line":71}},"branchMap":{"0":{"loc":{"start":{"line":11,"column":6},"end":{"line":13,"column":7}},"type":"if","locations":[{"start":{"line":11,"column":6},"end":{"line":13,"column":7}},{"start":{},"end":{}}],"line":11},"1":{"loc":{"start":{"line":20,"column":6},"end":{"line":24,"column":7}},"type":"if","locations":[{"start":{"line":20,"column":6},"end":{"line":24,"column":7}},{"start":{"line":22,"column":13},"end":{"line":24,"column":7}}],"line":20},"2":{"loc":{"start":{"line":20,"column":10},"end":{"line":20,"column":55}},"type":"binary-expr","locations":[{"start":{"line":20,"column":10},"end":{"line":20,"column":30}},{"start":{"line":20,"column":34},"end":{"line":20,"column":55}}],"line":20},"3":{"loc":{"start":{"line":33,"column":6},"end":{"line":37,"column":7}},"type":"if","locations":[{"start":{"line":33,"column":6},"end":{"line":37,"column":7}},{"start":{"line":35,"column":13},"end":{"line":37,"column":7}}],"line":33},"4":{"loc":{"start":{"line":33,"column":10},"end":{"line":33,"column":49}},"type":"binary-expr","locations":[{"start":{"line":33,"column":10},"end":{"line":33,"column":25}},{"start":{"line":33,"column":29},"end":{"line":33,"column":49}}],"line":33},"5":{"loc":{"start":{"line":48,"column":6},"end":{"line":52,"column":7}},"type":"if","locations":[{"start":{"line":48,"column":6},"end":{"line":52,"column":7}},{"start":{"line":50,"column":13},"end":{"line":52,"column":7}}],"line":48},"6":{"loc":{"start":{"line":48,"column":10},"end":{"line":48,"column":55}},"type":"binary-expr","locations":[{"start":{"line":48,"column":10},"end":{"line":48,"column":30}},{"start":{"line":48,"column":34},"end":{"line":48,"column":55}}],"line":48},"7":{"loc":{"start":{"line":61,"column":6},"end":{"line":65,"column":7}},"type":"if","locations":[{"start":{"line":61,"column":6},"end":{"line":65,"column":7}},{"start":{"line":63,"column":13},"end":{"line":65,"column":7}}],"line":61},"8":{"loc":{"start":{"line":61,"column":10},"end":{"line":61,"column":65}},"type":"binary-expr","locations":[{"start":{"line":61,"column":10},"end":{"line":61,"column":33}},{"start":{"line":61,"column":37},"end":{"line":61,"column":65}}],"line":61}},"s":{"0":2,"1":2,"2":1,"3":1,"4":1,"5":1,"6":3,"7":3,"8":2,"9":1,"10":1,"11":1,"12":3,"13":3,"14":2,"15":1,"16":1,"17":1,"18":3,"19":3,"20":2,"21":1,"22":1,"23":1,"24":3,"25":3,"26":2,"27":1,"28":1,"29":1,"30":2,"31":2,"32":1,"33":1},"f":{"0":16,"1":2,"2":3,"3":3,"4":3,"5":3,"6":2},"b":{"0":[1,0],"1":[1,1],"2":[2,1],"3":[1,1],"4":[2,1],"5":[1,1],"6":[2,1],"7":[1,1],"8":[2,1]},"_coverageSchema":"1a1c01bbd47fc00a2c39e90264f33305004495a9","hash":"a6ea0e0ae20f09601ab439c817bee833b91766a6"}
,"C:\\Users\\airton.junior\\Documents\\GitHub\\TechChallenge-Pagamento\\src\\core\\domain\\useCases\\Usuario\\UsuarioUseCase.ts": {"path":"C:\\Users\\airton.junior\\Documents\\GitHub\\TechChallenge-Pagamento\\src\\core\\domain\\useCases\\Usuario\\UsuarioUseCase.ts","statementMap":{"0":{"start":{"line":8,"column":4},"end":{"line":8,"column":47}},"1":{"start":{"line":12,"column":4},"end":{"line":23,"column":5}},"2":{"start":{"line":13,"column":28},"end":{"line":15,"column":7}},"3":{"start":{"line":16,"column":6},"end":{"line":20,"column":7}},"4":{"start":{"line":17,"column":8},"end":{"line":17,"column":55}},"5":{"start":{"line":19,"column":8},"end":{"line":19,"column":46}},"6":{"start":{"line":22,"column":6},"end":{"line":22,"column":37}},"7":{"start":{"line":26,"column":4},"end":{"line":37,"column":5}},"8":{"start":{"line":27,"column":28},"end":{"line":29,"column":7}},"9":{"start":{"line":30,"column":6},"end":{"line":34,"column":7}},"10":{"start":{"line":31,"column":8},"end":{"line":31,"column":55}},"11":{"start":{"line":33,"column":8},"end":{"line":33,"column":46}},"12":{"start":{"line":36,"column":6},"end":{"line":36,"column":37}},"13":{"start":{"line":41,"column":4},"end":{"line":46,"column":5}},"14":{"start":{"line":42,"column":24},"end":{"line":42,"column":72}},"15":{"start":{"line":43,"column":6},"end":{"line":43,"column":25}},"16":{"start":{"line":45,"column":6},"end":{"line":45,"column":37}}},"fnMap":{"0":{"name":"(anonymous_0)","decl":{"start":{"line":7,"column":2},"end":{"line":7,"column":3}},"loc":{"start":{"line":7,"column":52},"end":{"line":9,"column":3}},"line":7},"1":{"name":"(anonymous_1)","decl":{"start":{"line":11,"column":2},"end":{"line":11,"column":3}},"loc":{"start":{"line":11,"column":59},"end":{"line":24,"column":3}},"line":11},"2":{"name":"(anonymous_2)","decl":{"start":{"line":25,"column":2},"end":{"line":25,"column":3}},"loc":{"start":{"line":25,"column":53},"end":{"line":38,"column":3}},"line":25},"3":{"name":"(anonymous_3)","decl":{"start":{"line":40,"column":2},"end":{"line":40,"column":3}},"loc":{"start":{"line":40,"column":36},"end":{"line":47,"column":3}},"line":40}},"branchMap":{"0":{"loc":{"start":{"line":16,"column":6},"end":{"line":20,"column":7}},"type":"if","locations":[{"start":{"line":16,"column":6},"end":{"line":20,"column":7}},{"start":{"line":18,"column":13},"end":{"line":20,"column":7}}],"line":16},"1":{"loc":{"start":{"line":30,"column":6},"end":{"line":34,"column":7}},"type":"if","locations":[{"start":{"line":30,"column":6},"end":{"line":34,"column":7}},{"start":{"line":32,"column":13},"end":{"line":34,"column":7}}],"line":30}},"s":{"0":9,"1":3,"2":3,"3":2,"4":1,"5":1,"6":1,"7":3,"8":3,"9":2,"10":1,"11":1,"12":1,"13":3,"14":3,"15":2,"16":1},"f":{"0":9,"1":3,"2":3,"3":3},"b":{"0":[1,1],"1":[1,1]},"_coverageSchema":"1a1c01bbd47fc00a2c39e90264f33305004495a9","hash":"e61f6790e0c19ff578e7b46c7497eec44fce3f01"}
,"C:\\Users\\airton.junior\\Documents\\GitHub\\TechChallenge-Pagamento\\src\\core\\domain\\valueObjects\\GerarHash.ts": {"path":"C:\\Users\\airton.junior\\Documents\\GitHub\\TechChallenge-Pagamento\\src\\core\\domain\\valueObjects\\GerarHash.ts","statementMap":{"0":{"start":{"line":5,"column":17},"end":{"line":5,"column":55}},"1":{"start":{"line":6,"column":23},"end":{"line":12,"column":5}},"2":{"start":{"line":13,"column":17},"end":{"line":13,"column":43}},"3":{"start":{"line":14,"column":4},"end":{"line":14,"column":29}},"4":{"start":{"line":24,"column":4},"end":{"line":39,"column":7}},"5":{"start":{"line":25,"column":6},"end":{"line":38,"column":8}},"6":{"start":{"line":32,"column":10},"end":{"line":36,"column":11}},"7":{"start":{"line":33,"column":12},"end":{"line":33,"column":24}},"8":{"start":{"line":35,"column":12},"end":{"line":35,"column":32}}},"fnMap":{"0":{"name":"(anonymous_0)","decl":{"start":{"line":4,"column":2},"end":{"line":4,"column":3}},"loc":{"start":{"line":4,"column":53},"end":{"line":15,"column":3}},"line":4},"1":{"name":"(anonymous_1)","decl":{"start":{"line":17,"column":2},"end":{"line":17,"column":3}},"loc":{"start":{"line":23,"column":21},"end":{"line":40,"column":3}},"line":23},"2":{"name":"(anonymous_2)","decl":{"start":{"line":24,"column":31},"end":{"line":24,"column":32}},"loc":{"start":{"line":24,"column":52},"end":{"line":39,"column":5}},"line":24},"3":{"name":"(anonymous_3)","decl":{"start":{"line":31,"column":8},"end":{"line":31,"column":9}},"loc":{"start":{"line":31,"column":29},"end":{"line":37,"column":9}},"line":31}},"branchMap":{"0":{"loc":{"start":{"line":32,"column":10},"end":{"line":36,"column":11}},"type":"if","locations":[{"start":{"line":32,"column":10},"end":{"line":36,"column":11}},{"start":{"line":34,"column":17},"end":{"line":36,"column":11}}],"line":32}},"s":{"0":3,"1":3,"2":3,"3":3,"4":3,"5":3,"6":3,"7":0,"8":3},"f":{"0":3,"1":3,"2":3,"3":3},"b":{"0":[0,3]},"_coverageSchema":"1a1c01bbd47fc00a2c39e90264f33305004495a9","hash":"91ec83ded2acf306cdc092f6d4c0916d024ab83f"}
,"C:\\Users\\airton.junior\\Documents\\GitHub\\TechChallenge-Pagamento\\src\\core\\domain\\valueObjects\\VerificaSenha.ts": {"path":"C:\\Users\\airton.junior\\Documents\\GitHub\\TechChallenge-Pagamento\\src\\core\\domain\\valueObjects\\VerificaSenha.ts","statementMap":{"0":{"start":{"line":9,"column":25},"end":{"line":9,"column":45}},"1":{"start":{"line":10,"column":23},"end":{"line":16,"column":5}},"2":{"start":{"line":17,"column":32},"end":{"line":17,"column":58}},"3":{"start":{"line":18,"column":4},"end":{"line":18,"column":40}},"4":{"start":{"line":28,"column":4},"end":{"line":43,"column":7}},"5":{"start":{"line":29,"column":6},"end":{"line":42,"column":8}},"6":{"start":{"line":36,"column":10},"end":{"line":40,"column":11}},"7":{"start":{"line":37,"column":12},"end":{"line":37,"column":24}},"8":{"start":{"line":39,"column":12},"end":{"line":39,"column":32}}},"fnMap":{"0":{"name":"(anonymous_0)","decl":{"start":{"line":8,"column":2},"end":{"line":8,"column":3}},"loc":{"start":{"line":8,"column":74},"end":{"line":19,"column":3}},"line":8},"1":{"name":"(anonymous_1)","decl":{"start":{"line":21,"column":2},"end":{"line":21,"column":3}},"loc":{"start":{"line":27,"column":21},"end":{"line":44,"column":3}},"line":27},"2":{"name":"(anonymous_2)","decl":{"start":{"line":28,"column":31},"end":{"line":28,"column":32}},"loc":{"start":{"line":28,"column":52},"end":{"line":43,"column":5}},"line":28},"3":{"name":"(anonymous_3)","decl":{"start":{"line":35,"column":8},"end":{"line":35,"column":9}},"loc":{"start":{"line":35,"column":29},"end":{"line":41,"column":9}},"line":35}},"branchMap":{"0":{"loc":{"start":{"line":36,"column":10},"end":{"line":40,"column":11}},"type":"if","locations":[{"start":{"line":36,"column":10},"end":{"line":40,"column":11}},{"start":{"line":38,"column":17},"end":{"line":40,"column":11}}],"line":36}},"s":{"0":3,"1":3,"2":2,"3":2,"4":3,"5":3,"6":2,"7":0,"8":2},"f":{"0":3,"1":3,"2":3,"3":2},"b":{"0":[0,2]},"_coverageSchema":"1a1c01bbd47fc00a2c39e90264f33305004495a9","hash":"24845950b6863fbd6536fc82795632a63454a660"}
,"C:\\Users\\airton.junior\\Documents\\GitHub\\TechChallenge-Pagamento\\src\\core\\domain\\valueObjects\\cpf.ts": {"path":"C:\\Users\\airton.junior\\Documents\\GitHub\\TechChallenge-Pagamento\\src\\core\\domain\\valueObjects\\cpf.ts","statementMap":{"0":{"start":{"line":7,"column":8},"end":{"line":7,"column":43}},"1":{"start":{"line":11,"column":8},"end":{"line":11,"column":34}}},"fnMap":{"0":{"name":"(anonymous_0)","decl":{"start":{"line":6,"column":4},"end":{"line":6,"column":5}},"loc":{"start":{"line":6,"column":31},"end":{"line":8,"column":5}},"line":6},"1":{"name":"(anonymous_1)","decl":{"start":{"line":10,"column":4},"end":{"line":10,"column":5}},"loc":{"start":{"line":10,"column":46},"end":{"line":12,"column":5}},"line":10}},"branchMap":{},"s":{"0":4,"1":4},"f":{"0":4,"1":4},"b":{},"_coverageSchema":"1a1c01bbd47fc00a2c39e90264f33305004495a9","hash":"a13a922a8c8c34edb14b568becc0bef61387ca0d"}
}
