{"C:\\Users\\airton.junior\\Documents\\GitHub\\TechChallenge-Pagamento\\src\\adapter\\driven\\infra\\PedidoRepository.ts": {"path":"C:\\Users\\airton.junior\\Documents\\GitHub\\TechChallenge-Pagamento\\src\\adapter\\driven\\infra\\PedidoRepository.ts","statementMap":{"0":{"start":{"line":5,"column":4},"end":{"line":16,"column":5}},"1":{"start":{"line":6,"column":18},"end":{"line":6,"column":79}},"2":{"start":{"line":7,"column":23},"end":{"line":7,"column":44}},"3":{"start":{"line":8,"column":6},"end":{"line":11,"column":7}},"4":{"start":{"line":9,"column":24},"end":{"line":9,"column":37}},"5":{"start":{"line":10,"column":8},"end":{"line":10,"column":32}},"6":{"start":{"line":12,"column":6},"end":{"line":12,"column":52}},"7":{"start":{"line":14,"column":6},"end":{"line":14,"column":34}},"8":{"start":{"line":15,"column":6},"end":{"line":15,"column":18}}},"fnMap":{"0":{"name":"(anonymous_0)","decl":{"start":{"line":4,"column":2},"end":{"line":4,"column":3}},"loc":{"start":{"line":4,"column":56},"end":{"line":17,"column":3}},"line":4}},"branchMap":{"0":{"loc":{"start":{"line":8,"column":6},"end":{"line":11,"column":7}},"type":"if","locations":[{"start":{"line":8,"column":6},"end":{"line":11,"column":7}},{"start":{},"end":{}}],"line":8}},"s":{"0":3,"1":3,"2":3,"3":2,"4":1,"5":1,"6":1,"7":1,"8":1},"f":{"0":3},"b":{"0":[1,1]},"_coverageSchema":"1a1c01bbd47fc00a2c39e90264f33305004495a9","hash":"dbeefa65f90f22c1a025f30abfcf4ab9e8a5bca8"}
,"C:\\Users\\airton.junior\\Documents\\GitHub\\TechChallenge-Pagamento\\src\\adapter\\driven\\infra\\ProdutoRepository.ts": {"path":"C:\\Users\\airton.junior\\Documents\\GitHub\\TechChallenge-Pagamento\\src\\adapter\\driven\\infra\\ProdutoRepository.ts","statementMap":{"0":{"start":{"line":7,"column":16},"end":{"line":7,"column":39}},"1":{"start":{"line":8,"column":21},"end":{"line":8,"column":42}},"2":{"start":{"line":9,"column":4},"end":{"line":9,"column":26}},"3":{"start":{"line":10,"column":4},"end":{"line":10,"column":20}},"4":{"start":{"line":14,"column":18},"end":{"line":14,"column":74}},"5":{"start":{"line":15,"column":22},"end":{"line":15,"column":43}},"6":{"start":{"line":16,"column":30},"end":{"line":16,"column":39}},"7":{"start":{"line":25,"column":4},"end":{"line":25,"column":20}},"8":{"start":{"line":29,"column":18},"end":{"line":29,"column":65}},"9":{"start":{"line":30,"column":21},"end":{"line":30,"column":42}},"10":{"start":{"line":39,"column":27},"end":{"line":39,"column":38}},"11":{"start":{"line":41,"column":4},"end":{"line":41,"column":19}},"12":{"start":{"line":45,"column":4},"end":{"line":78,"column":5}},"13":{"start":{"line":46,"column":20},"end":{"line":48,"column":135}},"14":{"start":{"line":49,"column":27},"end":{"line":49,"column":48}},"15":{"start":{"line":51,"column":6},"end":{"line":56,"column":7}},"16":{"start":{"line":52,"column":37},"end":{"line":52,"column":54}},"17":{"start":{"line":53,"column":8},"end":{"line":53,"column":29}},"18":{"start":{"line":55,"column":8},"end":{"line":55,"column":25}},"19":{"start":{"line":76,"column":6},"end":{"line":76,"column":42}},"20":{"start":{"line":77,"column":6},"end":{"line":77,"column":18}},"21":{"start":{"line":82,"column":18},"end":{"line":84,"column":42}},"22":{"start":{"line":85,"column":34},"end":{"line":85,"column":55}},"23":{"start":{"line":86,"column":33},"end":{"line":86,"column":59}},"24":{"start":{"line":88,"column":4},"end":{"line":88,"column":25}},"25":{"start":{"line":105,"column":18},"end":{"line":106,"column":32}},"26":{"start":{"line":107,"column":21},"end":{"line":107,"column":42}},"27":{"start":{"line":108,"column":27},"end":{"line":108,"column":38}},"28":{"start":{"line":116,"column":4},"end":{"line":116,"column":19}}},"fnMap":{"0":{"name":"(anonymous_0)","decl":{"start":{"line":6,"column":2},"end":{"line":6,"column":3}},"loc":{"start":{"line":6,"column":42},"end":{"line":11,"column":3}},"line":6},"1":{"name":"(anonymous_1)","decl":{"start":{"line":13,"column":2},"end":{"line":13,"column":3}},"loc":{"start":{"line":13,"column":66},"end":{"line":26,"column":3}},"line":13},"2":{"name":"(anonymous_2)","decl":{"start":{"line":28,"column":2},"end":{"line":28,"column":3}},"loc":{"start":{"line":28,"column":50},"end":{"line":42,"column":3}},"line":28},"3":{"name":"(anonymous_3)","decl":{"start":{"line":44,"column":2},"end":{"line":44,"column":3}},"loc":{"start":{"line":44,"column":63},"end":{"line":79,"column":3}},"line":44},"4":{"name":"(anonymous_4)","decl":{"start":{"line":81,"column":2},"end":{"line":81,"column":3}},"loc":{"start":{"line":81,"column":52},"end":{"line":102,"column":3}},"line":81},"5":{"name":"(anonymous_5)","decl":{"start":{"line":104,"column":2},"end":{"line":104,"column":3}},"loc":{"start":{"line":104,"column":45},"end":{"line":117,"column":3}},"line":104}},"branchMap":{"0":{"loc":{"start":{"line":51,"column":6},"end":{"line":56,"column":7}},"type":"if","locations":[{"start":{"line":51,"column":6},"end":{"line":56,"column":7}},{"start":{"line":54,"column":13},"end":{"line":56,"column":7}}],"line":51}},"s":{"0":1,"1":1,"2":1,"3":1,"4":1,"5":1,"6":1,"7":1,"8":1,"9":1,"10":1,"11":1,"12":1,"13":1,"14":1,"15":1,"16":1,"17":1,"18":0,"19":0,"20":0,"21":1,"22":1,"23":1,"24":1,"25":1,"26":1,"27":1,"28":1},"f":{"0":1,"1":1,"2":1,"3":1,"4":1,"5":1},"b":{"0":[1,0]},"_coverageSchema":"1a1c01bbd47fc00a2c39e90264f33305004495a9","hash":"c4a3e30a5d334946bf7c7d1c0ac46a74226dd68b"}
,"C:\\Users\\airton.junior\\Documents\\GitHub\\TechChallenge-Pagamento\\src\\adapter\\driven\\infra\\UsuarioRepository.ts": {"path":"C:\\Users\\airton.junior\\Documents\\GitHub\\TechChallenge-Pagamento\\src\\adapter\\driven\\infra\\UsuarioRepository.ts","statementMap":{"0":{"start":{"line":5,"column":10},"end":{"line":5,"column":33}},"1":{"start":{"line":9,"column":16},"end":{"line":9,"column":71}},"2":{"start":{"line":10,"column":24},"end":{"line":10,"column":45}},"3":{"start":{"line":16,"column":4},"end":{"line":20,"column":5}},"4":{"start":{"line":17,"column":6},"end":{"line":17,"column":18}},"5":{"start":{"line":19,"column":6},"end":{"line":19,"column":19}},"6":{"start":{"line":31,"column":16},"end":{"line":31,"column":79}},"7":{"start":{"line":32,"column":24},"end":{"line":32,"column":45}},"8":{"start":{"line":33,"column":4},"end":{"line":33,"column":31}},"9":{"start":{"line":35,"column":4},"end":{"line":64,"column":5}},"10":{"start":{"line":36,"column":25},"end":{"line":36,"column":41}},"11":{"start":{"line":37,"column":6},"end":{"line":63,"column":7}},"12":{"start":{"line":38,"column":26},"end":{"line":38,"column":78}},"13":{"start":{"line":39,"column":8},"end":{"line":60,"column":9}},"14":{"start":{"line":40,"column":22},"end":{"line":51,"column":11}},"15":{"start":{"line":57,"column":26},"end":{"line":57,"column":103}},"16":{"start":{"line":58,"column":10},"end":{"line":58,"column":36}},"17":{"start":{"line":59,"column":10},"end":{"line":59,"column":23}},"18":{"start":{"line":62,"column":8},"end":{"line":62,"column":25}},"19":{"start":{"line":66,"column":4},"end":{"line":66,"column":21}},"20":{"start":{"line":70,"column":4},"end":{"line":94,"column":5}},"21":{"start":{"line":71,"column":18},"end":{"line":71,"column":77}},"22":{"start":{"line":72,"column":26},"end":{"line":72,"column":47}},"23":{"start":{"line":73,"column":6},"end":{"line":91,"column":7}},"24":{"start":{"line":74,"column":27},"end":{"line":74,"column":43}},"25":{"start":{"line":75,"column":20},"end":{"line":87,"column":9}},"26":{"start":{"line":88,"column":24},"end":{"line":88,"column":101}},"27":{"start":{"line":89,"column":8},"end":{"line":89,"column":34}},"28":{"start":{"line":90,"column":8},"end":{"line":90,"column":21}},"29":{"start":{"line":93,"column":6},"end":{"line":93,"column":29}}},"fnMap":{"0":{"name":"(anonymous_0)","decl":{"start":{"line":8,"column":2},"end":{"line":8,"column":3}},"loc":{"start":{"line":8,"column":66},"end":{"line":21,"column":3}},"line":8},"1":{"name":"(anonymous_1)","decl":{"start":{"line":24,"column":2},"end":{"line":24,"column":3}},"loc":{"start":{"line":24,"column":78},"end":{"line":67,"column":3}},"line":24},"2":{"name":"(anonymous_2)","decl":{"start":{"line":69,"column":2},"end":{"line":69,"column":3}},"loc":{"start":{"line":69,"column":72},"end":{"line":95,"column":3}},"line":69}},"branchMap":{"0":{"loc":{"start":{"line":16,"column":4},"end":{"line":20,"column":5}},"type":"if","locations":[{"start":{"line":16,"column":4},"end":{"line":20,"column":5}},{"start":{"line":18,"column":11},"end":{"line":20,"column":5}}],"line":16},"1":{"loc":{"start":{"line":35,"column":4},"end":{"line":64,"column":5}},"type":"if","locations":[{"start":{"line":35,"column":4},"end":{"line":64,"column":5}},{"start":{},"end":{}}],"line":35},"2":{"loc":{"start":{"line":37,"column":6},"end":{"line":63,"column":7}},"type":"if","locations":[{"start":{"line":37,"column":6},"end":{"line":63,"column":7}},{"start":{"line":61,"column":13},"end":{"line":63,"column":7}}],"line":37},"3":{"loc":{"start":{"line":37,"column":10},"end":{"line":37,"column":71}},"type":"binary-expr","locations":[{"start":{"line":37,"column":10},"end":{"line":37,"column":36}},{"start":{"line":37,"column":40},"end":{"line":37,"column":71}}],"line":37},"4":{"loc":{"start":{"line":39,"column":8},"end":{"line":60,"column":9}},"type":"if","locations":[{"start":{"line":39,"column":8},"end":{"line":60,"column":9}},{"start":{},"end":{}}],"line":39},"5":{"loc":{"start":{"line":73,"column":6},"end":{"line":91,"column":7}},"type":"if","locations":[{"start":{"line":73,"column":6},"end":{"line":91,"column":7}},{"start":{},"end":{}}],"line":73}},"s":{"0":2,"1":2,"2":2,"3":2,"4":1,"5":1,"6":1,"7":1,"8":1,"9":1,"10":1,"11":1,"12":1,"13":1,"14":1,"15":1,"16":1,"17":1,"18":0,"19":0,"20":1,"21":1,"22":1,"23":1,"24":1,"25":1,"26":1,"27":1,"28":1,"29":0},"f":{"0":2,"1":1,"2":1},"b":{"0":[1,1],"1":[1,0],"2":[1,0],"3":[1,1],"4":[1,0],"5":[1,0]},"_coverageSchema":"1a1c01bbd47fc00a2c39e90264f33305004495a9","hash":"52ec934e05ca6ddb48f001620e51aa81e11fb303"}
,"C:\\Users\\airton.junior\\Documents\\GitHub\\TechChallenge-Pagamento\\src\\config\\database.ts": {"path":"C:\\Users\\airton.junior\\Documents\\GitHub\\TechChallenge-Pagamento\\src\\config\\database.ts","statementMap":{"0":{"start":{"line":4,"column":15},"end":{"line":10,"column":2}},"1":{"start":{"line":12,"column":24},"end":{"line":18,"column":1}},"2":{"start":{"line":13,"column":2},"end":{"line":13,"column":25}},"3":{"start":{"line":14,"column":14},"end":{"line":14,"column":39}},"4":{"start":{"line":15,"column":15},"end":{"line":15,"column":18}},"5":{"start":{"line":17,"column":2},"end":{"line":17,"column":21}}},"fnMap":{"0":{"name":"(anonymous_0)","decl":{"start":{"line":12,"column":24},"end":{"line":12,"column":25}},"loc":{"start":{"line":12,"column":49},"end":{"line":18,"column":1}},"line":12}},"branchMap":{},"s":{"0":5,"1":5,"2":2,"3":2,"4":1,"5":1},"f":{"0":2},"b":{},"_coverageSchema":"1a1c01bbd47fc00a2c39e90264f33305004495a9","hash":"9e13f37eeb23a03ba722d8c8a6a7c522c8194614"}
,"C:\\Users\\airton.junior\\Documents\\GitHub\\TechChallenge-Pagamento\\src\\core\\domain\\models\\Usuario.ts": {"path":"C:\\Users\\airton.junior\\Documents\\GitHub\\TechChallenge-Pagamento\\src\\core\\domain\\models\\Usuario.ts","statementMap":{"0":{"start":{"line":19,"column":4},"end":{"line":19,"column":21}},"1":{"start":{"line":20,"column":4},"end":{"line":20,"column":23}},"2":{"start":{"line":21,"column":4},"end":{"line":21,"column":19}},"3":{"start":{"line":22,"column":4},"end":{"line":22,"column":21}},"4":{"start":{"line":23,"column":4},"end":{"line":23,"column":23}},"5":{"start":{"line":24,"column":4},"end":{"line":24,"column":23}},"6":{"start":{"line":25,"column":4},"end":{"line":25,"column":17}}},"fnMap":{"0":{"name":"(anonymous_0)","decl":{"start":{"line":10,"column":2},"end":{"line":10,"column":3}},"loc":{"start":{"line":18,"column":4},"end":{"line":26,"column":3}},"line":18}},"branchMap":{},"s":{"0":6,"1":6,"2":6,"3":6,"4":6,"5":6,"6":6},"f":{"0":6},"b":{},"_coverageSchema":"1a1c01bbd47fc00a2c39e90264f33305004495a9","hash":"f998d9a16ccf980ab87c38b2a0838c7d9359cc10"}
,"C:\\Users\\airton.junior\\Documents\\GitHub\\TechChallenge-Pagamento\\src\\core\\domain\\useCases\\Usuario\\UsuarioUseCase.ts": {"path":"C:\\Users\\airton.junior\\Documents\\GitHub\\TechChallenge-Pagamento\\src\\core\\domain\\useCases\\Usuario\\UsuarioUseCase.ts","statementMap":{"0":{"start":{"line":8,"column":4},"end":{"line":8,"column":47}},"1":{"start":{"line":13,"column":4},"end":{"line":24,"column":5}},"2":{"start":{"line":15,"column":8},"end":{"line":15,"column":68}},"3":{"start":{"line":16,"column":6},"end":{"line":20,"column":7}},"4":{"start":{"line":17,"column":8},"end":{"line":17,"column":52}},"5":{"start":{"line":19,"column":8},"end":{"line":19,"column":50}},"6":{"start":{"line":23,"column":6},"end":{"line":23,"column":18}},"7":{"start":{"line":27,"column":4},"end":{"line":38,"column":5}},"8":{"start":{"line":28,"column":30},"end":{"line":30,"column":7}},"9":{"start":{"line":31,"column":6},"end":{"line":35,"column":7}},"10":{"start":{"line":32,"column":8},"end":{"line":32,"column":46}},"11":{"start":{"line":34,"column":8},"end":{"line":34,"column":50}},"12":{"start":{"line":37,"column":6},"end":{"line":37,"column":18}},"13":{"start":{"line":42,"column":4},"end":{"line":47,"column":5}},"14":{"start":{"line":43,"column":24},"end":{"line":43,"column":72}},"15":{"start":{"line":44,"column":6},"end":{"line":44,"column":25}},"16":{"start":{"line":46,"column":6},"end":{"line":46,"column":18}}},"fnMap":{"0":{"name":"(anonymous_0)","decl":{"start":{"line":7,"column":2},"end":{"line":7,"column":3}},"loc":{"start":{"line":7,"column":52},"end":{"line":9,"column":3}},"line":7},"1":{"name":"(anonymous_1)","decl":{"start":{"line":12,"column":2},"end":{"line":12,"column":3}},"loc":{"start":{"line":12,"column":59},"end":{"line":25,"column":3}},"line":12},"2":{"name":"(anonymous_2)","decl":{"start":{"line":26,"column":2},"end":{"line":26,"column":3}},"loc":{"start":{"line":26,"column":53},"end":{"line":39,"column":3}},"line":26},"3":{"name":"(anonymous_3)","decl":{"start":{"line":41,"column":2},"end":{"line":41,"column":3}},"loc":{"start":{"line":41,"column":36},"end":{"line":48,"column":3}},"line":41}},"branchMap":{"0":{"loc":{"start":{"line":16,"column":6},"end":{"line":20,"column":7}},"type":"if","locations":[{"start":{"line":16,"column":6},"end":{"line":20,"column":7}},{"start":{"line":18,"column":13},"end":{"line":20,"column":7}}],"line":16},"1":{"loc":{"start":{"line":31,"column":6},"end":{"line":35,"column":7}},"type":"if","locations":[{"start":{"line":31,"column":6},"end":{"line":35,"column":7}},{"start":{"line":33,"column":13},"end":{"line":35,"column":7}}],"line":31}},"s":{"0":9,"1":3,"2":3,"3":2,"4":1,"5":1,"6":2,"7":3,"8":3,"9":2,"10":1,"11":1,"12":2,"13":3,"14":3,"15":2,"16":1},"f":{"0":9,"1":3,"2":3,"3":3},"b":{"0":[1,1],"1":[1,1]},"_coverageSchema":"1a1c01bbd47fc00a2c39e90264f33305004495a9","hash":"80f7f187f7474e15ec9592ab12308a637b58cf84"}
,"C:\\Users\\airton.junior\\Documents\\GitHub\\TechChallenge-Pagamento\\src\\core\\domain\\valueObjects\\VerificaSenha.ts": {"path":"C:\\Users\\airton.junior\\Documents\\GitHub\\TechChallenge-Pagamento\\src\\core\\domain\\valueObjects\\VerificaSenha.ts","statementMap":{"0":{"start":{"line":9,"column":25},"end":{"line":9,"column":45}},"1":{"start":{"line":10,"column":23},"end":{"line":16,"column":5}},"2":{"start":{"line":17,"column":32},"end":{"line":17,"column":58}},"3":{"start":{"line":18,"column":4},"end":{"line":18,"column":40}},"4":{"start":{"line":28,"column":4},"end":{"line":43,"column":7}},"5":{"start":{"line":29,"column":6},"end":{"line":42,"column":8}},"6":{"start":{"line":36,"column":10},"end":{"line":40,"column":11}},"7":{"start":{"line":37,"column":12},"end":{"line":37,"column":24}},"8":{"start":{"line":39,"column":12},"end":{"line":39,"column":32}}},"fnMap":{"0":{"name":"(anonymous_0)","decl":{"start":{"line":8,"column":2},"end":{"line":8,"column":3}},"loc":{"start":{"line":8,"column":74},"end":{"line":19,"column":3}},"line":8},"1":{"name":"(anonymous_1)","decl":{"start":{"line":21,"column":2},"end":{"line":21,"column":3}},"loc":{"start":{"line":27,"column":21},"end":{"line":44,"column":3}},"line":27},"2":{"name":"(anonymous_2)","decl":{"start":{"line":28,"column":31},"end":{"line":28,"column":32}},"loc":{"start":{"line":28,"column":52},"end":{"line":43,"column":5}},"line":28},"3":{"name":"(anonymous_3)","decl":{"start":{"line":35,"column":8},"end":{"line":35,"column":9}},"loc":{"start":{"line":35,"column":29},"end":{"line":41,"column":9}},"line":35}},"branchMap":{"0":{"loc":{"start":{"line":36,"column":10},"end":{"line":40,"column":11}},"type":"if","locations":[{"start":{"line":36,"column":10},"end":{"line":40,"column":11}},{"start":{"line":38,"column":17},"end":{"line":40,"column":11}}],"line":36}},"s":{"0":3,"1":3,"2":2,"3":2,"4":3,"5":3,"6":2,"7":0,"8":2},"f":{"0":3,"1":3,"2":3,"3":2},"b":{"0":[0,2]},"_coverageSchema":"1a1c01bbd47fc00a2c39e90264f33305004495a9","hash":"24845950b6863fbd6536fc82795632a63454a660"}
}
