TN:
SF:src\adapter\driven\infra\PedidoRepository.ts
FN:4,(anonymous_0)
FNF:1
FNH:1
FNDA:3,(anonymous_0)
DA:5,3
DA:6,3
DA:7,3
DA:8,2
DA:9,1
DA:10,1
DA:12,1
DA:14,1
DA:15,1
LF:9
LH:9
BRDA:8,0,0,1
BRDA:8,0,1,1
BRF:2
BRH:2
end_of_record
TN:
SF:src\adapter\driven\infra\ProdutoRepository.ts
FN:6,(anonymous_0)
FN:13,(anonymous_1)
FN:21,(anonymous_2)
FN:34,(anonymous_3)
FN:53,(anonymous_4)
FN:63,(anonymous_5)
FNF:6
FNH:6
FNDA:2,(anonymous_0)
FNDA:2,(anonymous_1)
FNDA:3,(anonymous_2)
FNDA:3,(anonymous_3)
FNDA:2,(anonymous_4)
FNDA:3,(anonymous_5)
DA:7,2
DA:8,2
DA:9,1
DA:10,1
DA:14,2
DA:15,2
DA:16,1
DA:18,1
DA:22,3
DA:23,3
DA:25,2
DA:26,1
DA:29,1
DA:31,1
DA:35,3
DA:36,3
DA:39,3
DA:41,2
DA:42,1
DA:43,1
DA:45,1
DA:48,1
DA:49,1
DA:54,2
DA:57,2
DA:58,1
DA:60,1
DA:64,3
DA:66,3
DA:67,2
DA:68,1
DA:70,1
DA:71,1
LF:33
LH:33
BRDA:25,0,0,1
BRDA:25,0,1,1
BRDA:41,1,0,1
BRDA:41,1,1,1
BRDA:67,2,0,1
BRDA:67,2,1,1
BRF:6
BRH:6
end_of_record
TN:
SF:src\adapter\driven\infra\UsuarioRepository.ts
FN:8,(anonymous_0)
FN:18,(anonymous_1)
FN:53,(anonymous_2)
FNF:3
FNH:3
FNDA:2,(anonymous_0)
FNDA:4,(anonymous_1)
FNDA:3,(anonymous_2)
DA:5,2
DA:9,2
DA:10,2
DA:11,2
DA:12,1
DA:14,1
DA:19,4
DA:20,4
DA:21,4
DA:22,3
DA:23,2
DA:24,2
DA:25,2
DA:26,2
DA:27,1
DA:28,1
DA:29,1
DA:41,1
DA:42,1
DA:43,1
DA:46,1
DA:49,1
DA:54,3
DA:55,3
DA:56,3
DA:57,2
DA:58,1
DA:59,1
DA:72,1
DA:73,1
DA:74,1
DA:77,1
LF:32
LH:32
BRDA:11,0,0,1
BRDA:11,0,1,1
BRDA:22,1,0,2
BRDA:22,1,1,1
BRDA:26,2,0,1
BRDA:26,2,1,1
BRDA:26,3,0,2
BRDA:26,3,1,2
BRDA:28,4,0,1
BRDA:28,4,1,0
BRDA:57,5,0,1
BRDA:57,5,1,1
BRF:12
BRH:11
end_of_record
TN:
SF:src\adapter\driver\UsuarioController.ts
FN:5,(anonymous_0)
FN:9,(anonymous_1)
FN:17,(anonymous_2)
FNF:3
FNH:3
FNDA:4,(anonymous_0)
FNDA:2,(anonymous_1)
FNDA:2,(anonymous_2)
DA:10,2
DA:11,2
DA:12,2
DA:14,1
DA:18,2
DA:19,2
DA:20,2
DA:22,1
LF:8
LH:8
BRF:0
BRH:0
end_of_record
TN:
SF:src\adapter\middleware\autenticacao.middleware.ts
FN:4,autenticacaoMiddleware
FN:5,(anonymous_1)
FNF:2
FNH:2
FNDA:3,autenticacaoMiddleware
FNDA:3,(anonymous_1)
DA:5,3
DA:6,3
DA:8,3
DA:9,1
DA:14,2
DA:16,2
DA:17,1
DA:19,1
LF:8
LH:8
BRDA:8,0,0,1
BRDA:8,0,1,2
BRDA:16,1,0,1
BRDA:16,1,1,1
BRF:4
BRH:4
end_of_record
TN:
SF:src\config\database.ts
FN:11,(anonymous_0)
FNF:1
FNH:1
FNDA:2,(anonymous_0)
DA:3,4
DA:11,4
DA:12,2
DA:13,2
DA:14,1
DA:15,1
LF:6
LH:6
BRF:0
BRH:0
end_of_record
TN:
SF:src\core\domain\models\Produto.ts
FN:11,(anonymous_0)
FNF:1
FNH:1
FNDA:11,(anonymous_0)
DA:21,11
DA:22,11
DA:23,11
DA:24,11
DA:25,11
DA:26,11
DA:27,11
DA:28,11
LF:8
LH:8
BRF:0
BRH:0
end_of_record
TN:
SF:src\core\domain\models\Usuario.ts
FN:10,(anonymous_0)
FNF:1
FNH:1
FNDA:14,(anonymous_0)
DA:19,14
DA:20,14
DA:21,14
DA:22,14
DA:23,14
DA:24,14
DA:25,14
LF:7
LH:7
BRF:0
BRH:0
end_of_record
TN:
SF:src\core\domain\useCases\Produto\ProdutoUseCase.ts
FN:4,(anonymous_0)
FN:5,(anonymous_1)
FN:17,(anonymous_2)
FN:30,(anonymous_3)
FN:43,(anonymous_4)
FN:58,(anonymous_5)
FN:71,(anonymous_6)
FNF:7
FNH:7
FNDA:16,(anonymous_0)
FNDA:2,(anonymous_1)
FNDA:3,(anonymous_2)
FNDA:3,(anonymous_3)
FNDA:3,(anonymous_4)
FNDA:3,(anonymous_5)
FNDA:2,(anonymous_6)
DA:6,2
DA:7,2
DA:8,1
DA:10,1
DA:11,1
DA:12,1
DA:18,3
DA:19,3
DA:20,2
DA:21,1
DA:23,1
DA:26,1
DA:31,3
DA:32,3
DA:33,2
DA:34,1
DA:36,1
DA:39,1
DA:44,3
DA:45,3
DA:48,2
DA:49,1
DA:51,1
DA:54,1
DA:59,3
DA:60,3
DA:61,2
DA:62,1
DA:64,1
DA:67,1
DA:72,2
DA:73,2
DA:74,1
DA:76,1
LF:34
LH:34
BRDA:11,0,0,1
BRDA:11,0,1,0
BRDA:20,1,0,1
BRDA:20,1,1,1
BRDA:20,2,0,2
BRDA:20,2,1,1
BRDA:33,3,0,1
BRDA:33,3,1,1
BRDA:33,4,0,2
BRDA:33,4,1,1
BRDA:48,5,0,1
BRDA:48,5,1,1
BRDA:48,6,0,2
BRDA:48,6,1,1
BRDA:61,7,0,1
BRDA:61,7,1,1
BRDA:61,8,0,2
BRDA:61,8,1,1
BRF:18
BRH:17
end_of_record
TN:
SF:src\core\domain\useCases\Usuario\UsuarioUseCase.ts
FN:7,(anonymous_0)
FN:11,(anonymous_1)
FN:25,(anonymous_2)
FN:40,(anonymous_3)
FNF:4
FNH:4
FNDA:9,(anonymous_0)
FNDA:3,(anonymous_1)
FNDA:3,(anonymous_2)
FNDA:3,(anonymous_3)
DA:8,9
DA:12,3
DA:13,3
DA:16,2
DA:17,1
DA:19,1
DA:22,1
DA:26,3
DA:27,3
DA:30,2
DA:31,1
DA:33,1
DA:36,1
DA:41,3
DA:42,3
DA:43,2
DA:45,1
LF:17
LH:17
BRDA:16,0,0,1
BRDA:16,0,1,1
BRDA:30,1,0,1
BRDA:30,1,1,1
BRF:4
BRH:4
end_of_record
TN:
SF:src\core\domain\valueObjects\GerarHash.ts
FN:4,(anonymous_0)
FN:17,(anonymous_1)
FN:24,(anonymous_2)
FN:31,(anonymous_3)
FNF:4
FNH:4
FNDA:3,(anonymous_0)
FNDA:3,(anonymous_1)
FNDA:3,(anonymous_2)
FNDA:3,(anonymous_3)
DA:5,3
DA:6,3
DA:13,3
DA:14,3
DA:24,3
DA:25,3
DA:32,3
DA:33,0
DA:35,3
LF:9
LH:8
BRDA:32,0,0,0
BRDA:32,0,1,3
BRF:2
BRH:1
end_of_record
TN:
SF:src\core\domain\valueObjects\VerificaSenha.ts
FN:8,(anonymous_0)
FN:21,(anonymous_1)
FN:28,(anonymous_2)
FN:35,(anonymous_3)
FNF:4
FNH:4
FNDA:3,(anonymous_0)
FNDA:3,(anonymous_1)
FNDA:3,(anonymous_2)
FNDA:2,(anonymous_3)
DA:9,3
DA:10,3
DA:17,2
DA:18,2
DA:28,3
DA:29,3
DA:36,2
DA:37,0
DA:39,2
LF:9
LH:8
BRDA:36,0,0,0
BRDA:36,0,1,2
BRF:2
BRH:1
end_of_record
TN:
SF:src\core\domain\valueObjects\cpf.ts
FN:6,(anonymous_0)
FN:10,(anonymous_1)
FNF:2
FNH:2
FNDA:4,(anonymous_0)
FNDA:4,(anonymous_1)
DA:7,4
DA:11,4
LF:2
LH:2
BRF:0
BRH:0
end_of_record
