TN:
SF:src\adapter\driven\infra\PedidoRepository.ts
FN:4,(anonymous_0)
FNF:1
FNH:1
FNDA:3,(anonymous_0)
DA:5,3
DA:6,3
DA:7,3
DA:8,2
DA:9,1
DA:10,1
DA:12,1
DA:14,1
DA:15,1
LF:9
LH:9
BRDA:8,0,0,1
BRDA:8,0,1,1
BRF:2
BRH:2
end_of_record
TN:
SF:src\adapter\driven\infra\ProdutoRepository.ts
FN:6,(anonymous_0)
FN:13,(anonymous_1)
FN:28,(anonymous_2)
FN:44,(anonymous_3)
FN:81,(anonymous_4)
FN:104,(anonymous_5)
FNF:6
FNH:6
FNDA:1,(anonymous_0)
FNDA:1,(anonymous_1)
FNDA:1,(anonymous_2)
FNDA:1,(anonymous_3)
FNDA:1,(anonymous_4)
FNDA:1,(anonymous_5)
DA:7,1
DA:8,1
DA:9,1
DA:10,1
DA:14,1
DA:15,1
DA:16,1
DA:25,1
DA:29,1
DA:30,1
DA:39,1
DA:41,1
DA:45,1
DA:46,1
DA:49,1
DA:51,1
DA:52,1
DA:53,1
DA:55,0
DA:76,0
DA:77,0
DA:82,1
DA:85,1
DA:86,1
DA:88,1
DA:105,1
DA:107,1
DA:108,1
DA:116,1
LF:29
LH:26
BRDA:51,0,0,1
BRDA:51,0,1,0
BRF:2
BRH:1
end_of_record
TN:
SF:src\adapter\driven\infra\UsuarioRepository.ts
FN:8,(anonymous_0)
FN:24,(anonymous_1)
FN:69,(anonymous_2)
FNF:3
FNH:3
FNDA:2,(anonymous_0)
FNDA:1,(anonymous_1)
FNDA:1,(anonymous_2)
DA:5,2
DA:9,2
DA:10,2
DA:16,2
DA:17,1
DA:19,1
DA:31,1
DA:32,1
DA:33,1
DA:35,1
DA:36,1
DA:37,1
DA:38,1
DA:39,1
DA:40,1
DA:57,1
DA:58,1
DA:59,1
DA:62,0
DA:66,0
DA:70,1
DA:71,1
DA:72,1
DA:73,1
DA:74,1
DA:75,1
DA:88,1
DA:89,1
DA:90,1
DA:93,0
LF:30
LH:27
BRDA:16,0,0,1
BRDA:16,0,1,1
BRDA:35,1,0,1
BRDA:35,1,1,0
BRDA:37,2,0,1
BRDA:37,2,1,0
BRDA:37,3,0,1
BRDA:37,3,1,1
BRDA:39,4,0,1
BRDA:39,4,1,0
BRDA:73,5,0,1
BRDA:73,5,1,0
BRF:12
BRH:8
end_of_record
TN:
SF:src\config\database.ts
FN:12,(anonymous_0)
FNF:1
FNH:1
FNDA:2,(anonymous_0)
DA:4,5
DA:12,5
DA:13,2
DA:14,2
DA:15,1
DA:17,1
LF:6
LH:6
BRF:0
BRH:0
end_of_record
TN:
SF:src\core\domain\models\Usuario.ts
FN:10,(anonymous_0)
FNF:1
FNH:1
FNDA:6,(anonymous_0)
DA:19,6
DA:20,6
DA:21,6
DA:22,6
DA:23,6
DA:24,6
DA:25,6
LF:7
LH:7
BRF:0
BRH:0
end_of_record
TN:
SF:src\core\domain\useCases\Usuario\UsuarioUseCase.ts
FN:7,(anonymous_0)
FN:12,(anonymous_1)
FN:26,(anonymous_2)
FN:41,(anonymous_3)
FNF:4
FNH:4
FNDA:9,(anonymous_0)
FNDA:3,(anonymous_1)
FNDA:3,(anonymous_2)
FNDA:3,(anonymous_3)
DA:8,9
DA:13,3
DA:15,3
DA:16,2
DA:17,1
DA:19,1
DA:23,2
DA:27,3
DA:28,3
DA:31,2
DA:32,1
DA:34,1
DA:37,2
DA:42,3
DA:43,3
DA:44,2
DA:46,1
LF:17
LH:17
BRDA:16,0,0,1
BRDA:16,0,1,1
BRDA:31,1,0,1
BRDA:31,1,1,1
BRF:4
BRH:4
end_of_record
TN:
SF:src\core\domain\valueObjects\VerificaSenha.ts
FN:8,(anonymous_0)
FN:21,(anonymous_1)
FN:28,(anonymous_2)
FN:35,(anonymous_3)
FNF:4
FNH:4
FNDA:3,(anonymous_0)
FNDA:3,(anonymous_1)
FNDA:3,(anonymous_2)
FNDA:2,(anonymous_3)
DA:9,3
DA:10,3
DA:17,2
DA:18,2
DA:28,3
DA:29,3
DA:36,2
DA:37,0
DA:39,2
LF:9
LH:8
BRDA:36,0,0,0
BRDA:36,0,1,2
BRF:2
BRH:1
end_of_record
